Unity Editor version:    6000.0.24f1 (11fa355cd605)
Branch:                  6000.0/staging
Build type:              Release
Batch mode:              YES
macOS version:           Version 14.6.1 (Build 23G93)
Darwin version:          23.6.0
Architecture:            arm64
Running under Rosetta:   NO
Available memory:        8192 MB
Using pre-set license
Pro License: YES

COMMAND LINE ARGUMENTS:
/Applications/Unity/Hub/Editor/6000.0.24f1/Unity.app/Contents/MacOS/Unity
-adb2
-batchMode
-noUpm
-name
AssetImportWorker1
-projectPath
/Users/mayashinehe/Documents/Github/Module-3-V.4
-logFile
Logs/AssetImportWorker1.log
-srvPort
60023
-job-worker-count
3
-background-job-worker-count
8
-asset-garbage-collectors
1
Successfully changed project path to: /Users/mayashinehe/Documents/Github/Module-3-V.4
/Users/mayashinehe/Documents/Github/Module-3-V.4
[UnityMemory] Configuration Parameters - Can be set up in boot.config
    "memorysetup-bucket-allocator-granularity=16"
    "memorysetup-bucket-allocator-bucket-count=8"
    "memorysetup-bucket-allocator-block-size=33554432"
    "memorysetup-bucket-allocator-block-count=8"
    "memorysetup-main-allocator-block-size=16777216"
    "memorysetup-thread-allocator-block-size=16777216"
    "memorysetup-gfx-main-allocator-block-size=16777216"
    "memorysetup-gfx-thread-allocator-block-size=16777216"
    "memorysetup-cache-allocator-block-size=4194304"
    "memorysetup-typetree-allocator-block-size=2097152"
    "memorysetup-profiler-bucket-allocator-granularity=16"
    "memorysetup-profiler-bucket-allocator-bucket-count=8"
    "memorysetup-profiler-bucket-allocator-block-size=33554432"
    "memorysetup-profiler-bucket-allocator-block-count=8"
    "memorysetup-profiler-allocator-block-size=16777216"
    "memorysetup-profiler-editor-allocator-block-size=1048576"
    "memorysetup-temp-allocator-size-main=16777216"
    "memorysetup-job-temp-allocator-block-size=2097152"
    "memorysetup-job-temp-allocator-block-size-background=1048576"
    "memorysetup-job-temp-allocator-reduction-small-platforms=262144"
    "memorysetup-allocator-temp-initial-block-size-main=262144"
    "memorysetup-allocator-temp-initial-block-size-worker=262144"
    "memorysetup-temp-allocator-size-background-worker=32768"
    "memorysetup-temp-allocator-size-job-worker=262144"
    "memorysetup-temp-allocator-size-preload-manager=33554432"
    "memorysetup-temp-allocator-size-nav-mesh-worker=65536"
    "memorysetup-temp-allocator-size-audio-worker=65536"
    "memorysetup-temp-allocator-size-cloud-worker=32768"
    "memorysetup-temp-allocator-size-gi-baking-worker=262144"
    "memorysetup-temp-allocator-size-gi-baking-worker=262144"
    "memorysetup-temp-allocator-size-gi-baking-worker=262144"
    "memorysetup-temp-allocator-size-gi-baking-worker=262144"
    "memorysetup-temp-allocator-size-gi-baking-worker=262144"
    "memorysetup-temp-allocator-size-gfx=262144"
Player connection [8357203776]  Target information:

Player connection [8357203776]  * "[IP] 192.168.0.232 [Port] 0 [Flags] 2 [Guid] 118992526 [EditorId] 118992526 [Version] 1048832 [Id] OSXEditor(0,Mayas-MacBook-Air-3.local) [Debug] 1 [PackageName] OSXEditor [ProjectName] Editor" 

Player connection [8357203776] Host joined multi-casting on [225.0.0.222:54997]...
Player connection [8357203776] Host joined alternative multi-casting on [225.0.0.222:34997]...
JobSystem: Creating JobQueue using job-worker-count value 3
[Physics::Module] Initialized fallback backend.
[Physics::Module] Id: 0xdecafbad
Library Redirect Path: Library/
[Physics::Module] Selected backend.
[Physics::Module] Name: PhysX
[Physics::Module] Id: 0xf2b8ea05
[Physics::Module] SDK Version: 4.1.2
[Physics::Module] Integration Version: 1.0.0
[Physics::Module] Threading Mode: Multi-Threaded
Refreshing native plugins compatible for Editor in 2.77 ms, found 2 plugins.
Preloading 0 native plugins for Editor in 0.00 ms.
Initialize engine version: 6000.0.24f1 (11fa355cd605)
[Subsystems] Discovering subsystems at path /Applications/Unity/Hub/Editor/6000.0.24f1/Unity.app/Contents/Resources/UnitySubsystems
[Subsystems] Discovering subsystems at path /Users/mayashinehe/Documents/Github/Module-3-V.4/Assets
GfxDevice: creating device client; kGfxThreadingModeNonThreaded
 preferred device: Apple M2 (high power)
Metal devices available: 1
0: Apple M2 (high power)
Using device Apple M2 (high power)
Initializing Metal device caps: Apple M2
Initialize mono
Mono path[0] = '/Applications/Unity/Hub/Editor/6000.0.24f1/Unity.app/Contents/Managed'
Mono path[1] = '/Applications/Unity/Hub/Editor/6000.0.24f1/Unity.app/Contents/MonoBleedingEdge/lib/mono/unityjit-macos'
Mono config path = '/Applications/Unity/Hub/Editor/6000.0.24f1/Unity.app/Contents/MonoBleedingEdge/etc'
Using monoOptions --debugger-agent=transport=dt_socket,embedding=1,server=y,suspend=n,address=127.0.0.1:56139
Begin MonoManager ReloadAssembly
Registering precompiled unity dll's ...
Register platform support module: /Applications/Unity/Hub/Editor/6000.0.24f1/PlaybackEngines/WebGLSupport/UnityEditor.WebGL.Extensions.dll
Register platform support module: /Applications/Unity/Hub/Editor/6000.0.24f1/Unity.app/Contents/PlaybackEngines/MacStandaloneSupport/UnityEditor.OSXStandalone.Extensions.dll
Registered in 0.002656 seconds.
- Loaded All Assemblies, in  0.325 seconds
Native extension for OSXStandalone target not found
Native extension for WebGL target not found
Mono: successfully reloaded assembly
- Finished resetting the current domain, in  0.304 seconds
Domain Reload Profiling: 630ms
	BeginReloadAssembly (117ms)
		ExecutionOrderSort (0ms)
		DisableScriptedObjects (0ms)
		BackupInstance (0ms)
		ReleaseScriptingObjects (0ms)
		CreateAndSetChildDomain (1ms)
	RebuildCommonClasses (32ms)
	RebuildNativeTypeToScriptingClass (10ms)
	initialDomainReloadingComplete (34ms)
	LoadAllAssembliesAndSetupDomain (133ms)
		LoadAssemblies (118ms)
		RebuildTransferFunctionScriptingTraits (0ms)
		AnalyzeDomain (129ms)
			TypeCache.Refresh (128ms)
				TypeCache.ScanAssembly (113ms)
			BuildScriptInfoCaches (0ms)
			ResolveRequiredComponents (1ms)
	FinalizeReload (305ms)
		ReleaseScriptCaches (0ms)
		RebuildScriptCaches (0ms)
		SetupLoadedEditorAssemblies (276ms)
			LogAssemblyErrors (0ms)
			InitializePlatformSupportModulesInManaged (30ms)
			SetLoadedEditorAssemblies (3ms)
			BeforeProcessingInitializeOnLoad (6ms)
			ProcessInitializeOnLoadAttributes (142ms)
			ProcessInitializeOnLoadMethodAttributes (85ms)
			AfterProcessingInitializeOnLoad (10ms)
			EditorAssembliesLoaded (0ms)
		ExecutionOrderSort2 (0ms)
		AwakeInstancesAfterBackupRestoration (0ms)
========================================================================
Worker process is ready to serve import requests
Import Worker Mode flag is 0x00
Begin MonoManager ReloadAssembly
- Loaded All Assemblies, in  1.065 seconds
Refreshing native plugins compatible for Editor in 0.13 ms, found 2 plugins.
Native extension for OSXStandalone target not found
Native extension for WebGL target not found
Mono: successfully reloaded assembly
- Finished resetting the current domain, in  0.540 seconds
Domain Reload Profiling: 1605ms
	BeginReloadAssembly (781ms)
		ExecutionOrderSort (0ms)
		DisableScriptedObjects (4ms)
		BackupInstance (0ms)
		ReleaseScriptingObjects (0ms)
		CreateAndSetChildDomain (33ms)
	RebuildCommonClasses (28ms)
	RebuildNativeTypeToScriptingClass (10ms)
	initialDomainReloadingComplete (21ms)
	LoadAllAssembliesAndSetupDomain (225ms)
		LoadAssemblies (163ms)
		RebuildTransferFunctionScriptingTraits (0ms)
		AnalyzeDomain (95ms)
			TypeCache.Refresh (79ms)
				TypeCache.ScanAssembly (69ms)
			BuildScriptInfoCaches (14ms)
			ResolveRequiredComponents (2ms)
	FinalizeReload (540ms)
		ReleaseScriptCaches (0ms)
		RebuildScriptCaches (0ms)
		SetupLoadedEditorAssemblies (407ms)
			LogAssemblyErrors (0ms)
			InitializePlatformSupportModulesInManaged (2ms)
			SetLoadedEditorAssemblies (2ms)
			BeforeProcessingInitializeOnLoad (14ms)
			ProcessInitializeOnLoadAttributes (367ms)
			ProcessInitializeOnLoadMethodAttributes (19ms)
			AfterProcessingInitializeOnLoad (2ms)
			EditorAssembliesLoaded (0ms)
		ExecutionOrderSort2 (0ms)
		AwakeInstancesAfterBackupRestoration (2ms)
Launching external process: /Applications/Unity/Hub/Editor/6000.0.24f1/Unity.app/Contents/Tools/UnityShaderCompiler
Launched and connected shader compiler UnityShaderCompiler after 0.21 seconds
Refreshing native plugins compatible for Editor in 0.20 ms, found 2 plugins.
Preloading 0 native plugins for Editor in 0.00 ms.
Unloading 73 Unused Serialized files (Serialized files now loaded: 0)
Unloading 1873 unused Assets / (2.6 MB). Loaded Objects now: 2545.
Memory consumption went from 142.8 MB to 140.2 MB.
Total: 9.580458 ms (FindLiveObjects: 0.783167 ms CreateObjectMapping: 0.087916 ms MarkObjects: 7.748500 ms  DeleteObjects: 0.960500 ms)

========================================================================
Received Import Request.
  Time since last request: 4484425.219997 seconds.
  path: Assets/Terrain/CliffSnow1.terrainlayer
  artifactKey: Guid(46306c7c46ba97349beb8adf67381cb7) Importer(815301076,1909f56bfc062723c751e8b465ee728b)
Start importing Assets/Terrain/CliffSnow1.terrainlayer using Guid(46306c7c46ba97349beb8adf67381cb7) Importer(815301076,1909f56bfc062723c751e8b465ee728b) (PreviewImporter) -> (artifact id: 'c12eb64d00dd65dcff044a6da851a5d1') in 0.039533875 seconds
Number of updated asset objects reloaded before import = 0Number of asset objects unloaded after import = 1

========================================================================
Received Import Request.
  Time since last request: 0.000037 seconds.
  path: Assets/Terrain/RoadLayer.terrainlayer
  artifactKey: Guid(1dc81753d2d06ca49a9581264f3dd39d) Importer(815301076,1909f56bfc062723c751e8b465ee728b)
Start importing Assets/Terrain/RoadLayer.terrainlayer using Guid(1dc81753d2d06ca49a9581264f3dd39d) Importer(815301076,1909f56bfc062723c751e8b465ee728b) (PreviewImporter) -> (artifact id: 'd565a6f61179ea30f09decf9b44969ae') in 0.070968 seconds
Number of updated asset objects reloaded before import = 0Number of asset objects unloaded after import = 2

========================================================================
Received Import Request.
  Time since last request: 0.000028 seconds.
  path: Assets/Terrain/Sand.terrainlayer
  artifactKey: Guid(83d1299d30117154c90072fe4578917d) Importer(815301076,1909f56bfc062723c751e8b465ee728b)
Start importing Assets/Terrain/Sand.terrainlayer using Guid(83d1299d30117154c90072fe4578917d) Importer(815301076,1909f56bfc062723c751e8b465ee728b) (PreviewImporter) -> (artifact id: '2aef5ae202ced661fc15638be662b23d') in 0.005764458 seconds
Number of updated asset objects reloaded before import = 0Number of asset objects unloaded after import = 2

========================================================================
Received Import Request.
  Time since last request: 0.000023 seconds.
  path: Assets/Terrain/GrassLayer.terrainlayer
  artifactKey: Guid(de164fe05b817c74ca0cd4fb4a6ae4fd) Importer(815301076,1909f56bfc062723c751e8b465ee728b)
Start importing Assets/Terrain/GrassLayer.terrainlayer using Guid(de164fe05b817c74ca0cd4fb4a6ae4fd) Importer(815301076,1909f56bfc062723c751e8b465ee728b) (PreviewImporter) -> (artifact id: '96002e8d5a3be8efbe58be7b55899a65') in 0.004550666 seconds
Number of updated asset objects reloaded before import = 0Number of asset objects unloaded after import = 2

========================================================================
Received Import Request.
  Time since last request: 0.000021 seconds.
  path: Assets/Terrain/TerrainExercise.asset
  artifactKey: Guid(1a0a855134a69084fa20d3da13ac5f08) Importer(815301076,1909f56bfc062723c751e8b465ee728b)
Start importing Assets/Terrain/TerrainExercise.asset using Guid(1a0a855134a69084fa20d3da13ac5f08) Importer(815301076,1909f56bfc062723c751e8b465ee728b) (PreviewImporter) -> (artifact id: 'a11feb4a2b862eea8f116ecc30252bf9') in 0.02866725 seconds
Number of updated asset objects reloaded before import = 0Number of asset objects unloaded after import = 4

========================================================================
Received Import Request.
  Time since last request: 0.000037 seconds.
  path: Assets/Terrain/Mini_Example_Terrain.asset
  artifactKey: Guid(c47d9c4bf6c6f4740b02cf45f5e8cbf8) Importer(815301076,1909f56bfc062723c751e8b465ee728b)
Start importing Assets/Terrain/Mini_Example_Terrain.asset using Guid(c47d9c4bf6c6f4740b02cf45f5e8cbf8) Importer(815301076,1909f56bfc062723c751e8b465ee728b) (PreviewImporter) -> (artifact id: 'a84159f0ff7bef265b8bda0519e2a976') in 0.088530833 seconds
Number of updated asset objects reloaded before import = 0Number of asset objects unloaded after import = 134

========================================================================
Received Import Request.
  Time since last request: 24.430754 seconds.
  path: Assets/Textures/Checker.mat
  artifactKey: Guid(69347d92429c0854185f290eaa340194) Importer(815301076,1909f56bfc062723c751e8b465ee728b)
Start importing Assets/Textures/Checker.mat using Guid(69347d92429c0854185f290eaa340194) Importer(815301076,1909f56bfc062723c751e8b465ee728b) (PreviewImporter) -> (artifact id: '21a8ce0dd805f4009a92bc183f675869') in 0.38979 seconds
Number of updated asset objects reloaded before import = 0Number of asset objects unloaded after import = 2

========================================================================
Received Import Request.
  Time since last request: 0.000041 seconds.
  path: Assets/Textures/Glass.mat
  artifactKey: Guid(2423f6ddafadf31488ab61b95c648818) Importer(815301076,1909f56bfc062723c751e8b465ee728b)
Start importing Assets/Textures/Glass.mat using Guid(2423f6ddafadf31488ab61b95c648818) Importer(815301076,1909f56bfc062723c751e8b465ee728b) (PreviewImporter) -> (artifact id: 'd51e4a2bfcc699124baad2db7de9dd26') in 0.351717458 seconds
Number of updated asset objects reloaded before import = 0Number of asset objects unloaded after import = 1

========================================================================
Received Import Request.
  Time since last request: 0.000051 seconds.
  path: Assets/Textures/Grass.mat
  artifactKey: Guid(61f4d96dd84e0c04e8c2e3a6d5ed1092) Importer(815301076,1909f56bfc062723c751e8b465ee728b)
Start importing Assets/Textures/Grass.mat using Guid(61f4d96dd84e0c04e8c2e3a6d5ed1092) Importer(815301076,1909f56bfc062723c751e8b465ee728b) (PreviewImporter) -> (artifact id: '2791c832413e4de5db5fc46b682264f0') in 0.003735083 seconds
Number of updated asset objects reloaded before import = 0Number of asset objects unloaded after import = 2

========================================================================
Received Import Request.
  Time since last request: 0.000042 seconds.
  path: Assets/Textures/MudRockyAlbedoSpecular.bmp
  artifactKey: Guid(ef5c51cfa2ce46043a41a376b560c525) Importer(815301076,1909f56bfc062723c751e8b465ee728b)
Start importing Assets/Textures/MudRockyAlbedoSpecular.bmp using Guid(ef5c51cfa2ce46043a41a376b560c525) Importer(815301076,1909f56bfc062723c751e8b465ee728b) (PreviewImporter) -> (artifact id: '748a06e054bad1def84516deb0e5dbe9') in 0.006315542 seconds
Number of updated asset objects reloaded before import = 0Number of asset objects unloaded after import = 2

========================================================================
Received Import Request.
  Time since last request: 0.000100 seconds.
  path: Assets/Textures/TarmacCaution.mat
  artifactKey: Guid(d3171036545b0c54d9d6f657a410d597) Importer(815301076,1909f56bfc062723c751e8b465ee728b)
Start importing Assets/Textures/TarmacCaution.mat using Guid(d3171036545b0c54d9d6f657a410d597) Importer(815301076,1909f56bfc062723c751e8b465ee728b) (PreviewImporter) -> (artifact id: '8fa596639829a460df1cee86193fea11') in 0.294881208 seconds
Number of updated asset objects reloaded before import = 0Number of asset objects unloaded after import = 3

========================================================================
Received Import Request.
  Time since last request: 0.000061 seconds.
  path: Assets/Textures/Dirt.mat
  artifactKey: Guid(03b4eec34e151364abcbbaa2b10de46d) Importer(815301076,1909f56bfc062723c751e8b465ee728b)
Start importing Assets/Textures/Dirt.mat using Guid(03b4eec34e151364abcbbaa2b10de46d) Importer(815301076,1909f56bfc062723c751e8b465ee728b) (PreviewImporter) -> (artifact id: '5f73980d4b6f0c1dfefd0b5e63cf2197') in 0.00561625 seconds
Number of updated asset objects reloaded before import = 0Number of asset objects unloaded after import = 3

========================================================================
Received Import Request.
  Time since last request: 0.000049 seconds.
  path: Assets/Textures/Cliff1 Displacement.mat
  artifactKey: Guid(2559d786508e3754c963f69c8b53b67e) Importer(815301076,1909f56bfc062723c751e8b465ee728b)
Start importing Assets/Textures/Cliff1 Displacement.mat using Guid(2559d786508e3754c963f69c8b53b67e) Importer(815301076,1909f56bfc062723c751e8b465ee728b) (PreviewImporter) -> (artifact id: '5b9f16b32b5e0615a9b0a3ad5aa76e09') in 0.361115584 seconds
Number of updated asset objects reloaded before import = 0Number of asset objects unloaded after import = 6

========================================================================
Received Import Request.
  Time since last request: 0.000067 seconds.
  path: Assets/Textures/PositionCamera.mat
  artifactKey: Guid(24698e60587df834fbc5ff73fd8684ff) Importer(815301076,1909f56bfc062723c751e8b465ee728b)
Start importing Assets/Textures/PositionCamera.mat using Guid(24698e60587df834fbc5ff73fd8684ff) Importer(815301076,1909f56bfc062723c751e8b465ee728b) (PreviewImporter) -> (artifact id: 'e12467ff54906e2f66b9820bc0fdc385') in 0.003174875 seconds
Number of updated asset objects reloaded before import = 0Number of asset objects unloaded after import = 1

========================================================================
Received Import Request.
  Time since last request: 0.000085 seconds.
  path: Assets/Textures/Concrete.mat
  artifactKey: Guid(3e4ae3ba4ee47a24db55665140d0962d) Importer(815301076,1909f56bfc062723c751e8b465ee728b)
Start importing Assets/Textures/Concrete.mat using Guid(3e4ae3ba4ee47a24db55665140d0962d) Importer(815301076,1909f56bfc062723c751e8b465ee728b) (PreviewImporter) -> (artifact id: '711fcda5b7687717a0bda64cfe482f62') in 0.004983167 seconds
Number of updated asset objects reloaded before import = 0Number of asset objects unloaded after import = 3

========================================================================
Received Import Request.
  Time since last request: 0.000053 seconds.
  path: Assets/Textures/SandAlbedo.mat
  artifactKey: Guid(6bbd30231f5f54b4db18ad6cc76c452c) Importer(815301076,1909f56bfc062723c751e8b465ee728b)
Start importing Assets/Textures/SandAlbedo.mat using Guid(6bbd30231f5f54b4db18ad6cc76c452c) Importer(815301076,1909f56bfc062723c751e8b465ee728b) (PreviewImporter) -> (artifact id: '136f76b5c7761a030e2f9cb4eb814126') in 0.003655333 seconds
Number of updated asset objects reloaded before import = 0Number of asset objects unloaded after import = 2

========================================================================
Received Import Request.
  Time since last request: 0.000097 seconds.
  path: Assets/Textures/GrassRockyAlbedo.psd
  artifactKey: Guid(440eb36db91ca410f800ff3cfe43572f) Importer(815301076,1909f56bfc062723c751e8b465ee728b)
Start importing Assets/Textures/GrassRockyAlbedo.psd using Guid(440eb36db91ca410f800ff3cfe43572f) Importer(815301076,1909f56bfc062723c751e8b465ee728b) (PreviewImporter) -> (artifact id: 'd7c6cb653ee36c885537fb97af664b62') in 0.002890666 seconds
Number of updated asset objects reloaded before import = 0Number of asset objects unloaded after import = 2

========================================================================
Received Import Request.
  Time since last request: 0.000059 seconds.
  path: Assets/Textures/GrassFrond02AlbedoAlpha.psd
  artifactKey: Guid(d6cdc79ec19714fcd980ca3f6ac01a0a) Importer(815301076,1909f56bfc062723c751e8b465ee728b)
Start importing Assets/Textures/GrassFrond02AlbedoAlpha.psd using Guid(d6cdc79ec19714fcd980ca3f6ac01a0a) Importer(815301076,1909f56bfc062723c751e8b465ee728b) (PreviewImporter) -> (artifact id: 'c519fd0cdba65567d36bc405d9f513f1') in 0.005119666 seconds
Number of updated asset objects reloaded before import = 0Number of asset objects unloaded after import = 2

========================================================================
Received Import Request.
  Time since last request: 0.000045 seconds.
  path: Assets/Textures/GrassHillAlbedo.mat
  artifactKey: Guid(c99438e49b6a6ce45a9df80985997685) Importer(815301076,1909f56bfc062723c751e8b465ee728b)
Start importing Assets/Textures/GrassHillAlbedo.mat using Guid(c99438e49b6a6ce45a9df80985997685) Importer(815301076,1909f56bfc062723c751e8b465ee728b) (PreviewImporter) -> (artifact id: '98dd99a7c4ec427094e9910b499789ca') in 0.003168458 seconds
Number of updated asset objects reloaded before import = 0Number of asset objects unloaded after import = 2

========================================================================
Received Import Request.
  Time since last request: 0.000053 seconds.
  path: Assets/Textures/RockAlbedo.tif
  artifactKey: Guid(4bf6bf1b073945747b14ef0f91ba63e4) Importer(815301076,1909f56bfc062723c751e8b465ee728b)
Start importing Assets/Textures/RockAlbedo.tif using Guid(4bf6bf1b073945747b14ef0f91ba63e4) Importer(815301076,1909f56bfc062723c751e8b465ee728b) (PreviewImporter) -> (artifact id: 'd36056af033cab5a1ea71fb911ac92be') in 0.0085085 seconds
Number of updated asset objects reloaded before import = 0Number of asset objects unloaded after import = 2

========================================================================
Received Import Request.
  Time since last request: 0.000134 seconds.
  path: Assets/Textures/Death.mat
  artifactKey: Guid(daa670b874a9925469c98fe163822b58) Importer(815301076,1909f56bfc062723c751e8b465ee728b)
Start importing Assets/Textures/Death.mat using Guid(daa670b874a9925469c98fe163822b58) Importer(815301076,1909f56bfc062723c751e8b465ee728b) (PreviewImporter) -> (artifact id: '323042a085db6aa16ad2e69045408ca3') in 0.003249458 seconds
Number of updated asset objects reloaded before import = 0Number of asset objects unloaded after import = 1

========================================================================
Received Import Request.
  Time since last request: 0.000063 seconds.
  path: Assets/Textures/Rock.mat
  artifactKey: Guid(91791b347c1292049a27469eec3f09fb) Importer(815301076,1909f56bfc062723c751e8b465ee728b)
Start importing Assets/Textures/Rock.mat using Guid(91791b347c1292049a27469eec3f09fb) Importer(815301076,1909f56bfc062723c751e8b465ee728b) (PreviewImporter) -> (artifact id: '85647e75204d9e2b100d4fc79ae19386') in 0.366320625 seconds
Number of updated asset objects reloaded before import = 0Number of asset objects unloaded after import = 2

========================================================================
Received Import Request.
  Time since last request: 54.852395 seconds.
  path: Assets/Models/DeciduousTreeParts/bark14_N.png
  artifactKey: Guid(81f1d63919f88a547a8d97fe857cc586) Importer(815301076,1909f56bfc062723c751e8b465ee728b)
Start importing Assets/Models/DeciduousTreeParts/bark14_N.png using Guid(81f1d63919f88a547a8d97fe857cc586) Importer(815301076,1909f56bfc062723c751e8b465ee728b) (PreviewImporter) -> (artifact id: '1f6d5b4115014da950ddf88acb86d191') in 0.028713834 seconds
Number of updated asset objects reloaded before import = 0Number of asset objects unloaded after import = 2

========================================================================
Received Import Request.
  Time since last request: 0.000085 seconds.
  path: Assets/Models/ConiferTreeParts/Shared Sources/Textures/BODT Conifer Branches_Normal combined.tif
  artifactKey: Guid(d7dcdeeae2a5d4c6f8e5328e09728b47) Importer(815301076,1909f56bfc062723c751e8b465ee728b)
Start importing Assets/Models/ConiferTreeParts/Shared Sources/Textures/BODT Conifer Branches_Normal combined.tif using Guid(d7dcdeeae2a5d4c6f8e5328e09728b47) Importer(815301076,1909f56bfc062723c751e8b465ee728b) (PreviewImporter) -> (artifact id: 'd212da3d3cffe27523ab4d187a8652d3') in 0.0105245 seconds
Number of updated asset objects reloaded before import = 0Number of asset objects unloaded after import = 2

========================================================================
Received Import Request.
  Time since last request: 0.000050 seconds.
  path: Assets/Models/ConiferTreeParts/Shared Sources/Textures/BODT Conifer Trunk [Albedo] [Smoothness].tif
  artifactKey: Guid(802f5539a44734bfcacbe5243d44edf1) Importer(815301076,1909f56bfc062723c751e8b465ee728b)
Start importing Assets/Models/ConiferTreeParts/Shared Sources/Textures/BODT Conifer Trunk [Albedo] [Smoothness].tif using Guid(802f5539a44734bfcacbe5243d44edf1) Importer(815301076,1909f56bfc062723c751e8b465ee728b) (PreviewImporter) -> (artifact id: '6e0dcf5424ca1e0a1787a27f4b7af600') in 0.022805417 seconds
Number of updated asset objects reloaded before import = 0Number of asset objects unloaded after import = 2

========================================================================
Received Import Request.
  Time since last request: 1.710193 seconds.
  path: Assets/Models/Bush/Bush 1.png
  artifactKey: Guid(021e2ef4de3b13e4b85e10d230b9a52c) Importer(815301076,1909f56bfc062723c751e8b465ee728b)
Start importing Assets/Models/Bush/Bush 1.png using Guid(021e2ef4de3b13e4b85e10d230b9a52c) Importer(815301076,1909f56bfc062723c751e8b465ee728b) (PreviewImporter) -> (artifact id: '8e4b83dc7b5bc2bcd9fa5f1ae91c6cf3') in 0.005680917 seconds
Number of updated asset objects reloaded before import = 0Number of asset objects unloaded after import = 2

========================================================================
Received Import Request.
  Time since last request: 0.062184 seconds.
  path: Assets/Models/Bush/Bush 3.png
  artifactKey: Guid(2ac19523fbb044e4e90bcad0aefaecaf) Importer(815301076,1909f56bfc062723c751e8b465ee728b)
Start importing Assets/Models/Bush/Bush 3.png using Guid(2ac19523fbb044e4e90bcad0aefaecaf) Importer(815301076,1909f56bfc062723c751e8b465ee728b) (PreviewImporter) -> (artifact id: 'c7333cf96f59fab60d98389fea2fb69d') in 0.004048083 seconds
Number of updated asset objects reloaded before import = 0Number of asset objects unloaded after import = 2

========================================================================
Received Import Request.
  Time since last request: 0.045962 seconds.
  path: Assets/Models/Bush/Bush 5.png
  artifactKey: Guid(1d0acc09e270a62458265b3ebddd4ebd) Importer(815301076,1909f56bfc062723c751e8b465ee728b)
Start importing Assets/Models/Bush/Bush 5.png using Guid(1d0acc09e270a62458265b3ebddd4ebd) Importer(815301076,1909f56bfc062723c751e8b465ee728b) (PreviewImporter) -> (artifact id: '2d0b55aeed5ee763f5d3abd2d6d5d9cc') in 0.004273708 seconds
Number of updated asset objects reloaded before import = 0Number of asset objects unloaded after import = 2

========================================================================
Received Import Request.
  Time since last request: 0.041727 seconds.
  path: Assets/Models/Bush/Bush 7.png
  artifactKey: Guid(58b6100b4b1965642a0130a34bdcd1c2) Importer(815301076,1909f56bfc062723c751e8b465ee728b)
Start importing Assets/Models/Bush/Bush 7.png using Guid(58b6100b4b1965642a0130a34bdcd1c2) Importer(815301076,1909f56bfc062723c751e8b465ee728b) (PreviewImporter) -> (artifact id: '63e2d1c3b5fc4d798277172809670f6a') in 0.003355208 seconds
Number of updated asset objects reloaded before import = 0Number of asset objects unloaded after import = 2

========================================================================
Received Import Request.
  Time since last request: 0.943517 seconds.
  path: Assets/Textures/Snowy Cliff Materials Pack/Textures/CliffSnow 1/Cliff Snow 1_4K_Displacement.tga
  artifactKey: Guid(0b575703836ce0c4795a754c3b588392) Importer(815301076,1909f56bfc062723c751e8b465ee728b)
Start importing Assets/Textures/Snowy Cliff Materials Pack/Textures/CliffSnow 1/Cliff Snow 1_4K_Displacement.tga using Guid(0b575703836ce0c4795a754c3b588392) Importer(815301076,1909f56bfc062723c751e8b465ee728b) (PreviewImporter) -> (artifact id: '74a481639cbf8058aa9b467262420c05') in 0.006431208 seconds
Number of updated asset objects reloaded before import = 0Number of asset objects unloaded after import = 2

========================================================================
Received Import Request.
  Time since last request: 0.026438 seconds.
  path: Assets/Textures/Snowy Cliff Materials Pack/Textures/CliffSnow 1/Cliff Snow 1_4K_Metalness.tga
  artifactKey: Guid(247285d16d53d3548998e70036f9c727) Importer(815301076,1909f56bfc062723c751e8b465ee728b)
Start importing Assets/Textures/Snowy Cliff Materials Pack/Textures/CliffSnow 1/Cliff Snow 1_4K_Metalness.tga using Guid(247285d16d53d3548998e70036f9c727) Importer(815301076,1909f56bfc062723c751e8b465ee728b) (PreviewImporter) -> (artifact id: 'e358d27c30eadcb67eac09ab945ef760') in 0.005566 seconds
Number of updated asset objects reloaded before import = 0Number of asset objects unloaded after import = 2

========================================================================
Received Import Request.
  Time since last request: 0.028927 seconds.
  path: Assets/Textures/Snowy Cliff Materials Pack/Textures/CliffSnow 1/Cliff Snow 1_4K_Roughness.tga
  artifactKey: Guid(c9acebc5a5ff57643a122645a5dca326) Importer(815301076,1909f56bfc062723c751e8b465ee728b)
Start importing Assets/Textures/Snowy Cliff Materials Pack/Textures/CliffSnow 1/Cliff Snow 1_4K_Roughness.tga using Guid(c9acebc5a5ff57643a122645a5dca326) Importer(815301076,1909f56bfc062723c751e8b465ee728b) (PreviewImporter) -> (artifact id: '38aa63e33eb827009760d7edd7e12f1e') in 0.008254083 seconds
Number of updated asset objects reloaded before import = 0Number of asset objects unloaded after import = 2

========================================================================
Received Import Request.
  Time since last request: 0.032854 seconds.
  path: Assets/Textures/Snowy Cliff Materials Pack/Textures/CliffSnow 2/Cliff Snow 2_4K_Displacement.tga
  artifactKey: Guid(4842039c97831b14c890f3a056e84bd4) Importer(815301076,1909f56bfc062723c751e8b465ee728b)
Start importing Assets/Textures/Snowy Cliff Materials Pack/Textures/CliffSnow 2/Cliff Snow 2_4K_Displacement.tga using Guid(4842039c97831b14c890f3a056e84bd4) Importer(815301076,1909f56bfc062723c751e8b465ee728b) (PreviewImporter) -> (artifact id: '56bd89c9cf3d069d7aa6a52f0d5b3013') in 0.005398791 seconds
Number of updated asset objects reloaded before import = 0Number of asset objects unloaded after import = 2

========================================================================
Received Import Request.
  Time since last request: 0.499093 seconds.
  path: Assets/Textures/Snowy Cliff Materials Pack/Textures/CliffSnow 2/Cliff Snow 2_4K_Metalness.tga
  artifactKey: Guid(e4f127de3f4da6f4a9f67a22c4cb15b8) Importer(815301076,1909f56bfc062723c751e8b465ee728b)
Start importing Assets/Textures/Snowy Cliff Materials Pack/Textures/CliffSnow 2/Cliff Snow 2_4K_Metalness.tga using Guid(e4f127de3f4da6f4a9f67a22c4cb15b8) Importer(815301076,1909f56bfc062723c751e8b465ee728b) (PreviewImporter) -> (artifact id: '6650e5b72782af3f31e6f0bda9cccb7a') in 0.0061595 seconds
Number of updated asset objects reloaded before import = 0Number of asset objects unloaded after import = 2

========================================================================
Received Import Request.
  Time since last request: 0.025472 seconds.
  path: Assets/Textures/Snowy Cliff Materials Pack/Textures/CliffSnow 2/Cliff Snow 2_4K_Roughness.tga
  artifactKey: Guid(72518e690ef17c540894dab91616a926) Importer(815301076,1909f56bfc062723c751e8b465ee728b)
Start importing Assets/Textures/Snowy Cliff Materials Pack/Textures/CliffSnow 2/Cliff Snow 2_4K_Roughness.tga using Guid(72518e690ef17c540894dab91616a926) Importer(815301076,1909f56bfc062723c751e8b465ee728b) (PreviewImporter) -> (artifact id: 'fbf0c64f4951902757581578b3d85667') in 0.007168875 seconds
Number of updated asset objects reloaded before import = 0Number of asset objects unloaded after import = 2

========================================================================
Received Import Request.
  Time since last request: 0.020074 seconds.
  path: Assets/Textures/Snowy Cliff Materials Pack/Textures/CliffSnow 3/Cliff Snow 3_4K_Displacement.tga
  artifactKey: Guid(fae9bfb59751f7b4697b8af58792898a) Importer(815301076,1909f56bfc062723c751e8b465ee728b)
Start importing Assets/Textures/Snowy Cliff Materials Pack/Textures/CliffSnow 3/Cliff Snow 3_4K_Displacement.tga using Guid(fae9bfb59751f7b4697b8af58792898a) Importer(815301076,1909f56bfc062723c751e8b465ee728b) (PreviewImporter) -> (artifact id: 'b5695acfade5b02f47214bd952f216d0') in 0.008433541 seconds
Number of updated asset objects reloaded before import = 0Number of asset objects unloaded after import = 2

========================================================================
Received Import Request.
  Time since last request: 0.020707 seconds.
  path: Assets/Textures/Snowy Cliff Materials Pack/Textures/CliffSnow 3/Cliff Snow 3_4K_Metalness.tga
  artifactKey: Guid(96602563a40cfb9438a28d2e7f13062b) Importer(815301076,1909f56bfc062723c751e8b465ee728b)
Start importing Assets/Textures/Snowy Cliff Materials Pack/Textures/CliffSnow 3/Cliff Snow 3_4K_Metalness.tga using Guid(96602563a40cfb9438a28d2e7f13062b) Importer(815301076,1909f56bfc062723c751e8b465ee728b) (PreviewImporter) -> (artifact id: '79e1d7b1a4d195f43fc0c032fe9edb6c') in 0.004916041 seconds
Number of updated asset objects reloaded before import = 0Number of asset objects unloaded after import = 2

========================================================================
Received Import Request.
  Time since last request: 3.819242 seconds.
  path: Assets/Textures/Snowy Cliff Materials Pack/Textures/CliffSnow 3/Cliff Snow 3_4K_Roughness.tga
  artifactKey: Guid(28737d438e8d72441bc6fab133ef42f1) Importer(815301076,1909f56bfc062723c751e8b465ee728b)
Start importing Assets/Textures/Snowy Cliff Materials Pack/Textures/CliffSnow 3/Cliff Snow 3_4K_Roughness.tga using Guid(28737d438e8d72441bc6fab133ef42f1) Importer(815301076,1909f56bfc062723c751e8b465ee728b) (PreviewImporter) -> (artifact id: '6142cccae6d90fb742534ef853ff9069') in 0.009240042 seconds
Number of updated asset objects reloaded before import = 0Number of asset objects unloaded after import = 2

========================================================================
Received Import Request.
  Time since last request: 0.073017 seconds.
  path: Assets/Models/ConiferTreeParts/Shared Sources/Textures/Billboards/Billboard Bare/Conifer Bare [Normal] [Trans] [Smoothness].png
  artifactKey: Guid(a88058accae174b14b3aac765ff6bd72) Importer(815301076,1909f56bfc062723c751e8b465ee728b)
Start importing Assets/Models/ConiferTreeParts/Shared Sources/Textures/Billboards/Billboard Bare/Conifer Bare [Normal] [Trans] [Smoothness].png using Guid(a88058accae174b14b3aac765ff6bd72) Importer(815301076,1909f56bfc062723c751e8b465ee728b) (PreviewImporter) -> (artifact id: 'a2c6f8a5b707a9414dcb0fbc1a597840') in 0.005182166 seconds
Number of updated asset objects reloaded before import = 0Number of asset objects unloaded after import = 2

========================================================================
Received Import Request.
  Time since last request: 0.026770 seconds.
  path: Assets/Models/ConiferTreeParts/Shared Sources/Textures/Billboards/Billboard Small/Conifer Small [Albedo].png
  artifactKey: Guid(1cf8efa437ce542e3a933a95bf4708b4) Importer(815301076,1909f56bfc062723c751e8b465ee728b)
Start importing Assets/Models/ConiferTreeParts/Shared Sources/Textures/Billboards/Billboard Small/Conifer Small [Albedo].png using Guid(1cf8efa437ce542e3a933a95bf4708b4) Importer(815301076,1909f56bfc062723c751e8b465ee728b) (PreviewImporter) -> (artifact id: '38c1870c343d230c7dc1c579e7ef077e') in 0.004464625 seconds
Number of updated asset objects reloaded before import = 0Number of asset objects unloaded after import = 2

========================================================================
Received Import Request.
  Time since last request: 0.025697 seconds.
  path: Assets/Models/ConiferTreeParts/Shared Sources/Textures/Billboards/Billboard Tall/Conifer Tall  [Normal] [Trans] [Smoothness].png
  artifactKey: Guid(8563448672a814173927f49bd00c2988) Importer(815301076,1909f56bfc062723c751e8b465ee728b)
Start importing Assets/Models/ConiferTreeParts/Shared Sources/Textures/Billboards/Billboard Tall/Conifer Tall  [Normal] [Trans] [Smoothness].png using Guid(8563448672a814173927f49bd00c2988) Importer(815301076,1909f56bfc062723c751e8b465ee728b) (PreviewImporter) -> (artifact id: 'f3a75610d1a77fc171f34c0b829463c1') in 0.004853833 seconds
Number of updated asset objects reloaded before import = 0Number of asset objects unloaded after import = 2

========================================================================
Received Import Request.
  Time since last request: 0.045738 seconds.
  path: Assets/Models/ConiferTreeParts/Render Pipeline Support/Built-in RP/CTI Runtime Components/Default Components/Resources/CTI_default_ao_trans_smoothness.psd
  artifactKey: Guid(46de76019358942b7b0dd6b41a2ae40a) Importer(815301076,1909f56bfc062723c751e8b465ee728b)
Start importing Assets/Models/ConiferTreeParts/Render Pipeline Support/Built-in RP/CTI Runtime Components/Default Components/Resources/CTI_default_ao_trans_smoothness.psd using Guid(46de76019358942b7b0dd6b41a2ae40a) Importer(815301076,1909f56bfc062723c751e8b465ee728b) (PreviewImporter) -> (artifact id: '16abb344144d12e0cff6364049a3cea0') in 0.004359583 seconds
Number of updated asset objects reloaded before import = 0Number of asset objects unloaded after import = 2

========================================================================
Received Import Request.
  Time since last request: 0.043675 seconds.
  path: Assets/Models/ConiferTreeParts/Render Pipeline Support/Built-in RP/CTI Runtime Components/Default Components/Resources/CTI_default_normal_spec_ao.psd
  artifactKey: Guid(37fe0b5bbca93450593b8790186bf777) Importer(815301076,1909f56bfc062723c751e8b465ee728b)
Start importing Assets/Models/ConiferTreeParts/Render Pipeline Support/Built-in RP/CTI Runtime Components/Default Components/Resources/CTI_default_normal_spec_ao.psd using Guid(37fe0b5bbca93450593b8790186bf777) Importer(815301076,1909f56bfc062723c751e8b465ee728b) (PreviewImporter) -> (artifact id: '5726862d78dbd88e00772c1b5bf67a3e') in 0.002052875 seconds
Number of updated asset objects reloaded before import = 0Number of asset objects unloaded after import = 2

========================================================================
Received Import Request.
  Time since last request: 0.302332 seconds.
  path: Assets/Models/Flower/Flower 2.png
  artifactKey: Guid(787433db72de70645a866562e097cd8b) Importer(815301076,1909f56bfc062723c751e8b465ee728b)
Start importing Assets/Models/Flower/Flower 2.png using Guid(787433db72de70645a866562e097cd8b) Importer(815301076,1909f56bfc062723c751e8b465ee728b) (PreviewImporter) -> (artifact id: 'f7bda6fc0ae631a0c51e3baace6b4de7') in 0.003205083 seconds
Number of updated asset objects reloaded before import = 0Number of asset objects unloaded after import = 2

========================================================================
Received Import Request.
  Time since last request: 0.031152 seconds.
  path: Assets/Models/Flower/Flower 4.png
  artifactKey: Guid(ad92efd57360446408eb98ca805556d3) Importer(815301076,1909f56bfc062723c751e8b465ee728b)
Start importing Assets/Models/Flower/Flower 4.png using Guid(ad92efd57360446408eb98ca805556d3) Importer(815301076,1909f56bfc062723c751e8b465ee728b) (PreviewImporter) -> (artifact id: 'd09aa91874ada2fbc12f881c6fb48efd') in 0.003796583 seconds
Number of updated asset objects reloaded before import = 0Number of asset objects unloaded after import = 2

========================================================================
Received Import Request.
  Time since last request: 0.000039 seconds.
  path: Assets/Models/Flower/Flower 6.png
  artifactKey: Guid(89e512d99223f984e80f00a15314eb11) Importer(815301076,1909f56bfc062723c751e8b465ee728b)
Start importing Assets/Models/Flower/Flower 6.png using Guid(89e512d99223f984e80f00a15314eb11) Importer(815301076,1909f56bfc062723c751e8b465ee728b) (PreviewImporter) -> (artifact id: 'c976c681e03e4d59f29dce1c244b7250') in 0.005341792 seconds
Number of updated asset objects reloaded before import = 0Number of asset objects unloaded after import = 2

========================================================================
Received Import Request.
  Time since last request: 0.022730 seconds.
  path: Assets/Models/Flower/Flower 8.png
  artifactKey: Guid(fd58086e8722f7f4cba185d299ae9d75) Importer(815301076,1909f56bfc062723c751e8b465ee728b)
Start importing Assets/Models/Flower/Flower 8.png using Guid(fd58086e8722f7f4cba185d299ae9d75) Importer(815301076,1909f56bfc062723c751e8b465ee728b) (PreviewImporter) -> (artifact id: '10081cd47cd61085a276142a147c5e93') in 0.0033315 seconds
Number of updated asset objects reloaded before import = 0Number of asset objects unloaded after import = 2

========================================================================
Received Import Request.
  Time since last request: 0.000083 seconds.
  path: Assets/Models/Flower/Flower 13.png
  artifactKey: Guid(29e3fe75c99d8e844968809f050301bf) Importer(815301076,1909f56bfc062723c751e8b465ee728b)
Start importing Assets/Models/Flower/Flower 13.png using Guid(29e3fe75c99d8e844968809f050301bf) Importer(815301076,1909f56bfc062723c751e8b465ee728b) (PreviewImporter) -> (artifact id: '8cd500d1c5292e93e0ec438172024668') in 0.004179083 seconds
Number of updated asset objects reloaded before import = 0Number of asset objects unloaded after import = 2

========================================================================
Received Import Request.
  Time since last request: 0.000051 seconds.
  path: Assets/Models/Flower/Flower 14.png
  artifactKey: Guid(8ce2ad0a75811cc46b9b36bce7f0287a) Importer(815301076,1909f56bfc062723c751e8b465ee728b)
Start importing Assets/Models/Flower/Flower 14.png using Guid(8ce2ad0a75811cc46b9b36bce7f0287a) Importer(815301076,1909f56bfc062723c751e8b465ee728b) (PreviewImporter) -> (artifact id: '9ed1f7e302946a91f8f1e4039b32187a') in 0.004480042 seconds
Number of updated asset objects reloaded before import = 0Number of asset objects unloaded after import = 2

========================================================================
Received Import Request.
  Time since last request: 0.000125 seconds.
  path: Assets/Models/Flower/Flower 9.png
  artifactKey: Guid(e88b3a1ea26570a46a88da80783d7e3f) Importer(815301076,1909f56bfc062723c751e8b465ee728b)
Start importing Assets/Models/Flower/Flower 9.png using Guid(e88b3a1ea26570a46a88da80783d7e3f) Importer(815301076,1909f56bfc062723c751e8b465ee728b) (PreviewImporter) -> (artifact id: '23f434c1ab0f153e5f4d6f8e8fb40387') in 0.003909417 seconds
Number of updated asset objects reloaded before import = 0Number of asset objects unloaded after import = 2

========================================================================
Received Import Request.
  Time since last request: 0.000038 seconds.
  path: Assets/Models/Flower/Flower 12.png
  artifactKey: Guid(6ad97d251e1ef5849a4d3d22200798eb) Importer(815301076,1909f56bfc062723c751e8b465ee728b)
Start importing Assets/Models/Flower/Flower 12.png using Guid(6ad97d251e1ef5849a4d3d22200798eb) Importer(815301076,1909f56bfc062723c751e8b465ee728b) (PreviewImporter) -> (artifact id: 'e7e7ff897e0277c3f4bf3745b7c7337e') in 0.00681725 seconds
Number of updated asset objects reloaded before import = 0Number of asset objects unloaded after import = 2

========================================================================
Received Import Request.
  Time since last request: 0.000026 seconds.
  path: Assets/Models/Flower/Flower 16.png
  artifactKey: Guid(6d1b799698b4a13428f342e85a6eafa9) Importer(815301076,1909f56bfc062723c751e8b465ee728b)
Start importing Assets/Models/Flower/Flower 16.png using Guid(6d1b799698b4a13428f342e85a6eafa9) Importer(815301076,1909f56bfc062723c751e8b465ee728b) (PreviewImporter) -> (artifact id: '03603ab9d9ff7831ad07d578b9f0fcac') in 0.004424625 seconds
Number of updated asset objects reloaded before import = 0Number of asset objects unloaded after import = 2

========================================================================
Received Import Request.
  Time since last request: 0.010065 seconds.
  path: Assets/Models/Flower/Flower 20.png
  artifactKey: Guid(b24c3cd816cfc59488d60ce1c90ccb97) Importer(815301076,1909f56bfc062723c751e8b465ee728b)
Start importing Assets/Models/Flower/Flower 20.png using Guid(b24c3cd816cfc59488d60ce1c90ccb97) Importer(815301076,1909f56bfc062723c751e8b465ee728b) (PreviewImporter) -> (artifact id: 'ba8aa5a35094af2b262d7c8a0e0b33ff') in 0.003673041 seconds
Number of updated asset objects reloaded before import = 0Number of asset objects unloaded after import = 2

========================================================================
Received Import Request.
  Time since last request: 0.000070 seconds.
  path: Assets/Models/Flower/Flower 23.png
  artifactKey: Guid(a649788266163034aa4b99623cae3fe8) Importer(815301076,1909f56bfc062723c751e8b465ee728b)
Start importing Assets/Models/Flower/Flower 23.png using Guid(a649788266163034aa4b99623cae3fe8) Importer(815301076,1909f56bfc062723c751e8b465ee728b) (PreviewImporter) -> (artifact id: 'c9c13618a1d47f8572601f469ab2da79') in 0.004068416 seconds
Number of updated asset objects reloaded before import = 0Number of asset objects unloaded after import = 2

========================================================================
Received Import Request.
  Time since last request: 0.000163 seconds.
  path: Assets/Models/Flower/Flower 25.png
  artifactKey: Guid(853633ced50f73942ab3dfa915bc40a1) Importer(815301076,1909f56bfc062723c751e8b465ee728b)
Start importing Assets/Models/Flower/Flower 25.png using Guid(853633ced50f73942ab3dfa915bc40a1) Importer(815301076,1909f56bfc062723c751e8b465ee728b) (PreviewImporter) -> (artifact id: '5e7e0c399bd7a63348e07adaebb07ec1') in 0.002959083 seconds
Number of updated asset objects reloaded before import = 0Number of asset objects unloaded after import = 2

========================================================================
Received Import Request.
  Time since last request: 0.000043 seconds.
  path: Assets/Models/Flower/Flower 22.png
  artifactKey: Guid(cf239d877af81b843b958f6c5f758f41) Importer(815301076,1909f56bfc062723c751e8b465ee728b)
Start importing Assets/Models/Flower/Flower 22.png using Guid(cf239d877af81b843b958f6c5f758f41) Importer(815301076,1909f56bfc062723c751e8b465ee728b) (PreviewImporter) -> (artifact id: 'd0c0491fcd4c71562939ac1a2ce6ef42') in 0.004440375 seconds
Number of updated asset objects reloaded before import = 0Number of asset objects unloaded after import = 2

========================================================================
Received Import Request.
  Time since last request: 0.025028 seconds.
  path: Assets/Models/Flower/Flower 28.png
  artifactKey: Guid(8a13b35641f16e44c89c897309bcdca9) Importer(815301076,1909f56bfc062723c751e8b465ee728b)
Start importing Assets/Models/Flower/Flower 28.png using Guid(8a13b35641f16e44c89c897309bcdca9) Importer(815301076,1909f56bfc062723c751e8b465ee728b) (PreviewImporter) -> (artifact id: '44d57998a989bfbfbc763a05bda6f378') in 0.004029417 seconds
Number of updated asset objects reloaded before import = 0Number of asset objects unloaded after import = 2

========================================================================
Received Import Request.
  Time since last request: 0.000037 seconds.
  path: Assets/Models/Flower/Flower 29.png
  artifactKey: Guid(bf95547c7aedd464fad405b4946b17df) Importer(815301076,1909f56bfc062723c751e8b465ee728b)
Start importing Assets/Models/Flower/Flower 29.png using Guid(bf95547c7aedd464fad405b4946b17df) Importer(815301076,1909f56bfc062723c751e8b465ee728b) (PreviewImporter) -> (artifact id: '09225a367b5ab339484ccd28a528ca91') in 0.006817917 seconds
Number of updated asset objects reloaded before import = 0Number of asset objects unloaded after import = 2

========================================================================
Received Import Request.
  Time since last request: 0.003872 seconds.
  path: Assets/Models/Flower/Flower 32.png
  artifactKey: Guid(a17dcd9f0900595499beb92ae06e433f) Importer(815301076,1909f56bfc062723c751e8b465ee728b)
Start importing Assets/Models/Flower/Flower 32.png using Guid(a17dcd9f0900595499beb92ae06e433f) Importer(815301076,1909f56bfc062723c751e8b465ee728b) (PreviewImporter) -> (artifact id: '83035c9d1fa86b7bb418e70e48ff2757') in 0.003584834 seconds
Number of updated asset objects reloaded before import = 0Number of asset objects unloaded after import = 2

========================================================================
Received Import Request.
  Time since last request: 0.000089 seconds.
  path: Assets/Models/Supercyan Character Pack Free Sample/Textures/free_male_1_body_diffuse.psd
  artifactKey: Guid(66f042053f73a50488acb6b09c6afdd2) Importer(815301076,1909f56bfc062723c751e8b465ee728b)
Start importing Assets/Models/Supercyan Character Pack Free Sample/Textures/free_male_1_body_diffuse.psd using Guid(66f042053f73a50488acb6b09c6afdd2) Importer(815301076,1909f56bfc062723c751e8b465ee728b) (PreviewImporter) -> (artifact id: 'ab90eb6430061b2b44a28769679d2b97') in 0.005116708 seconds
Number of updated asset objects reloaded before import = 0Number of asset objects unloaded after import = 2

========================================================================
Received Import Request.
  Time since last request: 0.000032 seconds.
  path: Assets/Models/Flower/Flower 36.png
  artifactKey: Guid(b4eee9ec30f930c4ba69d5049bae7081) Importer(815301076,1909f56bfc062723c751e8b465ee728b)
Start importing Assets/Models/Flower/Flower 36.png using Guid(b4eee9ec30f930c4ba69d5049bae7081) Importer(815301076,1909f56bfc062723c751e8b465ee728b) (PreviewImporter) -> (artifact id: 'e19a435ff14a2f29494cfc218ae68f31') in 0.004941875 seconds
Number of updated asset objects reloaded before import = 0Number of asset objects unloaded after import = 2

========================================================================
Received Import Request.
  Time since last request: 0.000060 seconds.
  path: Assets/TextMesh Pro/Fonts/LiberationSans.ttf
  artifactKey: Guid(e3265ab4bf004d28a9537516768c1c75) Importer(815301076,1909f56bfc062723c751e8b465ee728b)
Start importing Assets/TextMesh Pro/Fonts/LiberationSans.ttf using Guid(e3265ab4bf004d28a9537516768c1c75) Importer(815301076,1909f56bfc062723c751e8b465ee728b) (PreviewImporter) -> (artifact id: 'ef33fecaf350109e97c679c5fd0bed27') in 0.06146525 seconds
Number of updated asset objects reloaded before import = 0Number of asset objects unloaded after import = 4

========================================================================
Received Import Request.
  Time since last request: 0.000028 seconds.
  path: Assets/Models/Flower/Grass Flower 4.png
  artifactKey: Guid(95836ce2bec877a4a8e8669de12ee50a) Importer(815301076,1909f56bfc062723c751e8b465ee728b)
Start importing Assets/Models/Flower/Grass Flower 4.png using Guid(95836ce2bec877a4a8e8669de12ee50a) Importer(815301076,1909f56bfc062723c751e8b465ee728b) (PreviewImporter) -> (artifact id: 'f966abda2a2b9e2399b8ecb2e1561208') in 0.003446792 seconds
Number of updated asset objects reloaded before import = 0Number of asset objects unloaded after import = 2

========================================================================
Received Import Request.
  Time since last request: 0.000108 seconds.
  path: Assets/Models/Flower/Grass Flower 6.png
  artifactKey: Guid(7aa03bbf1145d80438111302e0139094) Importer(815301076,1909f56bfc062723c751e8b465ee728b)
Start importing Assets/Models/Flower/Grass Flower 6.png using Guid(7aa03bbf1145d80438111302e0139094) Importer(815301076,1909f56bfc062723c751e8b465ee728b) (PreviewImporter) -> (artifact id: 'c0c897cfadbbe8ab8a2d288dca003fe7') in 0.003968416 seconds
Number of updated asset objects reloaded before import = 0Number of asset objects unloaded after import = 2

========================================================================
Received Import Request.
  Time since last request: 0.000025 seconds.
  path: Assets/Models/Flower/Grass Flower 8.png
  artifactKey: Guid(b263d81465ccfd74980f9c72e4a4e794) Importer(815301076,1909f56bfc062723c751e8b465ee728b)
Start importing Assets/Models/Flower/Grass Flower 8.png using Guid(b263d81465ccfd74980f9c72e4a4e794) Importer(815301076,1909f56bfc062723c751e8b465ee728b) (PreviewImporter) -> (artifact id: 'c3495a4b85a7870d6d817910133c3891') in 0.003961583 seconds
Number of updated asset objects reloaded before import = 0Number of asset objects unloaded after import = 2

========================================================================
Received Import Request.
  Time since last request: 0.002653 seconds.
  path: Assets/Models/Flower/Grass Flower 10.png
  artifactKey: Guid(5203e8b5746c6444289ad019bde56711) Importer(815301076,1909f56bfc062723c751e8b465ee728b)
Start importing Assets/Models/Flower/Grass Flower 10.png using Guid(5203e8b5746c6444289ad019bde56711) Importer(815301076,1909f56bfc062723c751e8b465ee728b) (PreviewImporter) -> (artifact id: '627d2aeecfbb2b1bc874273659552469') in 0.003485875 seconds
Number of updated asset objects reloaded before import = 0Number of asset objects unloaded after import = 2

========================================================================
Received Import Request.
  Time since last request: 0.076166 seconds.
  path: Assets/TextMesh Pro/Resources/Fonts & Materials/LiberationSans SDF - Fallback.asset
  artifactKey: Guid(2e498d1c8094910479dc3e1b768306a4) Importer(815301076,1909f56bfc062723c751e8b465ee728b)
Start importing Assets/TextMesh Pro/Resources/Fonts & Materials/LiberationSans SDF - Fallback.asset using Guid(2e498d1c8094910479dc3e1b768306a4) Importer(815301076,1909f56bfc062723c751e8b465ee728b) (PreviewImporter) -> (artifact id: '2168c05c48f91502dd2a89f870f2da71') in 0.024691375 seconds
Number of updated asset objects reloaded before import = 0Number of asset objects unloaded after import = 6

========================================================================
Received Import Request.
  Time since last request: 0.000055 seconds.
  path: Assets/Models/PalmTreeParts/Textures/Palm trees diffuse.tga
  artifactKey: Guid(238ec53f1682958499b657692cb298fc) Importer(815301076,1909f56bfc062723c751e8b465ee728b)
Start importing Assets/Models/PalmTreeParts/Textures/Palm trees diffuse.tga using Guid(238ec53f1682958499b657692cb298fc) Importer(815301076,1909f56bfc062723c751e8b465ee728b) (PreviewImporter) -> (artifact id: '22efc4773e8504ade6b33a47293a32da') in 0.007304166 seconds
Number of updated asset objects reloaded before import = 0Number of asset objects unloaded after import = 2

========================================================================
Received Import Request.
  Time since last request: 0.000121 seconds.
  path: Assets/Models/DeciduousTreeParts/Tree9_1_Textures/normal_specular.png
  artifactKey: Guid(34bf97c9a44d6a24e9aad37f9f1e5e3d) Importer(815301076,1909f56bfc062723c751e8b465ee728b)
Start importing Assets/Models/DeciduousTreeParts/Tree9_1_Textures/normal_specular.png using Guid(34bf97c9a44d6a24e9aad37f9f1e5e3d) Importer(815301076,1909f56bfc062723c751e8b465ee728b) (PreviewImporter) -> (artifact id: 'f7aa257a311f9aab119b7f40f4f9858c') in 0.004436667 seconds
Number of updated asset objects reloaded before import = 0Number of asset objects unloaded after import = 2

========================================================================
Received Import Request.
  Time since last request: 20.983042 seconds.
  path: Assets/Models/WaterParts/Water (Basic)/Textures/WaterBasicNighttimeGradient.psd
  artifactKey: Guid(8403d3349d112ba4d000be1be39e7c39) Importer(815301076,1909f56bfc062723c751e8b465ee728b)
Start importing Assets/Models/WaterParts/Water (Basic)/Textures/WaterBasicNighttimeGradient.psd using Guid(8403d3349d112ba4d000be1be39e7c39) Importer(815301076,1909f56bfc062723c751e8b465ee728b) (PreviewImporter) -> (artifact id: '632452067bc74a510c64c004880254da') in 0.0106075 seconds
Number of updated asset objects reloaded before import = 0Number of asset objects unloaded after import = 2

========================================================================
Received Import Request.
  Time since last request: 0.000065 seconds.
  path: Assets/Models/WaterParts/Water/Water/Textures/WaterProDaytimeGradient.psd
  artifactKey: Guid(ab97f9ab7c2ce724ebc9446060a819a4) Importer(815301076,1909f56bfc062723c751e8b465ee728b)
Start importing Assets/Models/WaterParts/Water/Water/Textures/WaterProDaytimeGradient.psd using Guid(ab97f9ab7c2ce724ebc9446060a819a4) Importer(815301076,1909f56bfc062723c751e8b465ee728b) (PreviewImporter) -> (artifact id: 'b4a549165690b213fb915864915a3d6c') in 0.003652583 seconds
Number of updated asset objects reloaded before import = 0Number of asset objects unloaded after import = 2

========================================================================
Received Import Request.
  Time since last request: 85.899994 seconds.
  path: Assets/Prefabs/CamRig.prefab
  artifactKey: Guid(2051bbf0951c2ea4abb2f45eeaabde2a) Importer(815301076,1909f56bfc062723c751e8b465ee728b)
Start importing Assets/Prefabs/CamRig.prefab using Guid(2051bbf0951c2ea4abb2f45eeaabde2a) Importer(815301076,1909f56bfc062723c751e8b465ee728b) (PreviewImporter) -> (artifact id: '7ff5d61f87a08f1a1b951b500af34007') in 0.012245917 seconds
Number of updated asset objects reloaded before import = 0Number of asset objects unloaded after import = 4

========================================================================
Received Import Request.
  Time since last request: 0.000057 seconds.
  path: Assets/Models/Supercyan Character Pack Free Sample/Models/free_male_1.FBX
  artifactKey: Guid(461413943bab6ef40aa2a33f18380180) Importer(815301076,1909f56bfc062723c751e8b465ee728b)
Start importing Assets/Models/Supercyan Character Pack Free Sample/Models/free_male_1.FBX using Guid(461413943bab6ef40aa2a33f18380180) Importer(815301076,1909f56bfc062723c751e8b465ee728b) (PreviewImporter) -> (artifact id: '823cda3aa45bc22364ff93e828eab579') in 0.259824709 seconds
Number of updated asset objects reloaded before import = 0Number of asset objects unloaded after import = 84

========================================================================
Received Import Request.
  Time since last request: 0.000044 seconds.
  path: Assets/Models/CarParts/SportsCarCollision.fbx
  artifactKey: Guid(7850de0a286adbf41a42b7bda7ad8cea) Importer(815301076,1909f56bfc062723c751e8b465ee728b)
Start importing Assets/Models/CarParts/SportsCarCollision.fbx using Guid(7850de0a286adbf41a42b7bda7ad8cea) Importer(815301076,1909f56bfc062723c751e8b465ee728b) (PreviewImporter) -> (artifact id: '2888093bd9e96ce4a705788007a82b57') in 0.010056917 seconds
Number of updated asset objects reloaded before import = 0Number of asset objects unloaded after import = 7

========================================================================
Received Import Request.
  Time since last request: 0.000144 seconds.
  path: Assets/Prefabs/TimedText.prefab
  artifactKey: Guid(e98ae3560e20fda41a74238eb48cbee2) Importer(815301076,1909f56bfc062723c751e8b465ee728b)
Start importing Assets/Prefabs/TimedText.prefab using Guid(e98ae3560e20fda41a74238eb48cbee2) Importer(815301076,1909f56bfc062723c751e8b465ee728b) (PreviewImporter) -> (artifact id: '61e10d643f186b1c4ffbfa917daab871') in 0.022685083 seconds
Number of updated asset objects reloaded before import = 0Number of asset objects unloaded after import = 8

========================================================================
Received Import Request.
  Time since last request: 0.000105 seconds.
  path: Assets/Models/PalmTreeSingleStraightOneSided.prefab
  artifactKey: Guid(20ddc844cd25b244f8005cba06955856) Importer(815301076,1909f56bfc062723c751e8b465ee728b)
Start importing Assets/Models/PalmTreeSingleStraightOneSided.prefab using Guid(20ddc844cd25b244f8005cba06955856) Importer(815301076,1909f56bfc062723c751e8b465ee728b) (PreviewImporter) -> (artifact id: '068d6d3a0fc1f64a3727d7bb5654c5af') in 0.49928625 seconds
Number of updated asset objects reloaded before import = 0Number of asset objects unloaded after import = 20

========================================================================
Received Import Request.
  Time since last request: 0.000030 seconds.
  path: Assets/Models/Rock.prefab
  artifactKey: Guid(a8a0f57dfac5b7f4aa99100d9dac6c01) Importer(815301076,1909f56bfc062723c751e8b465ee728b)
Start importing Assets/Models/Rock.prefab using Guid(a8a0f57dfac5b7f4aa99100d9dac6c01) Importer(815301076,1909f56bfc062723c751e8b465ee728b) (PreviewImporter) -> (artifact id: '0589c65fcfe1f93499b1460049c5b792') in 0.004762291 seconds
Number of updated asset objects reloaded before import = 0Number of asset objects unloaded after import = 10

========================================================================
Received Import Request.
  Time since last request: 0.000076 seconds.
  path: Assets/Models/DeciduousTreeParts/Tree9_Leaf.fbx
  artifactKey: Guid(1de95aafaed1b594b88a317c6a6ac028) Importer(815301076,1909f56bfc062723c751e8b465ee728b)
Start importing Assets/Models/DeciduousTreeParts/Tree9_Leaf.fbx using Guid(1de95aafaed1b594b88a317c6a6ac028) Importer(815301076,1909f56bfc062723c751e8b465ee728b) (PreviewImporter) -> (artifact id: 'ba2a80f470787418cab230f6c8482b7e') in 0.192597916 seconds
Number of updated asset objects reloaded before import = 0Number of asset objects unloaded after import = 10

========================================================================
Received Import Request.
  Time since last request: 0.000029 seconds.
  path: Assets/Models/Truck.prefab
  artifactKey: Guid(7795f89d42f39da46a9ce99e3b258355) Importer(815301076,1909f56bfc062723c751e8b465ee728b)
Start importing Assets/Models/Truck.prefab using Guid(7795f89d42f39da46a9ce99e3b258355) Importer(815301076,1909f56bfc062723c751e8b465ee728b) (PreviewImporter) -> (artifact id: '4f240b32541dfae8f4c09e423883b0c0') in 0.010709125 seconds
Number of updated asset objects reloaded before import = 0Number of asset objects unloaded after import = 56

========================================================================
Received Import Request.
  Time since last request: 0.000026 seconds.
  path: Assets/Models/CarParts/TruckChassis.FBX
  artifactKey: Guid(bce746113b5d1714b9f1c012fad3a8b9) Importer(815301076,1909f56bfc062723c751e8b465ee728b)
Start importing Assets/Models/CarParts/TruckChassis.FBX using Guid(bce746113b5d1714b9f1c012fad3a8b9) Importer(815301076,1909f56bfc062723c751e8b465ee728b) (PreviewImporter) -> (artifact id: 'b44aa010d1f1eeebf60adc2234008116') in 0.015743541 seconds
Number of updated asset objects reloaded before import = 0Number of asset objects unloaded after import = 15

========================================================================
Received Import Request.
  Time since last request: 0.000039 seconds.
  path: Assets/Models/PalmTreeParts/Meshes/PalmTreeDualBended.FBX
  artifactKey: Guid(31e0cf65c1498bb459ad7f1c13ad1abc) Importer(815301076,1909f56bfc062723c751e8b465ee728b)
Start importing Assets/Models/PalmTreeParts/Meshes/PalmTreeDualBended.FBX using Guid(31e0cf65c1498bb459ad7f1c13ad1abc) Importer(815301076,1909f56bfc062723c751e8b465ee728b) (PreviewImporter) -> (artifact id: '39bedf112fd67683b5ef5e810556410d') in 0.030416333 seconds
Number of updated asset objects reloaded before import = 0Number of asset objects unloaded after import = 19

========================================================================
Received Import Request.
  Time since last request: 0.000048 seconds.
  path: Assets/Models/FamilyCar.prefab
  artifactKey: Guid(6577377bae7db18429e690f8f8f57881) Importer(815301076,1909f56bfc062723c751e8b465ee728b)
Start importing Assets/Models/FamilyCar.prefab using Guid(6577377bae7db18429e690f8f8f57881) Importer(815301076,1909f56bfc062723c751e8b465ee728b) (PreviewImporter) -> (artifact id: 'e06b9963e3e4be14f10af298af47eff5') in 0.005624709 seconds
Number of updated asset objects reloaded before import = 0Number of asset objects unloaded after import = 49

========================================================================
Received Import Request.
  Time since last request: 0.000089 seconds.
  path: Assets/Models/PalmTreeDualBendedTwoSided.prefab
  artifactKey: Guid(785bfd81c9fb838469851c06eb415f7a) Importer(815301076,1909f56bfc062723c751e8b465ee728b)
Start importing Assets/Models/PalmTreeDualBendedTwoSided.prefab using Guid(785bfd81c9fb838469851c06eb415f7a) Importer(815301076,1909f56bfc062723c751e8b465ee728b) (PreviewImporter) -> (artifact id: '1ed6aa84bfbda6259115af0cc032e73e') in 0.009044458 seconds
Number of updated asset objects reloaded before import = 0Number of asset objects unloaded after import = 19

========================================================================
Received Import Request.
  Time since last request: 0.000034 seconds.
  path: Assets/Models/CarParts/TruckCollision.fbx
  artifactKey: Guid(b43c09d6dce10504fa8a843c78b133ae) Importer(815301076,1909f56bfc062723c751e8b465ee728b)
Start importing Assets/Models/CarParts/TruckCollision.fbx using Guid(b43c09d6dce10504fa8a843c78b133ae) Importer(815301076,1909f56bfc062723c751e8b465ee728b) (PreviewImporter) -> (artifact id: 'cc35a254c4835e1d3a3d2903dea23948') in 0.005063208 seconds
Number of updated asset objects reloaded before import = 0Number of asset objects unloaded after import = 7

========================================================================
Received Import Request.
  Time since last request: 0.000053 seconds.
  path: Assets/Models/WaterParts/Water (Basic)/Models/WaterBasicPlane.fbx
  artifactKey: Guid(ce8d79c79d11b8f9d00076e98d76c639) Importer(815301076,1909f56bfc062723c751e8b465ee728b)
Start importing Assets/Models/WaterParts/Water (Basic)/Models/WaterBasicPlane.fbx using Guid(ce8d79c79d11b8f9d00076e98d76c639) Importer(815301076,1909f56bfc062723c751e8b465ee728b) (PreviewImporter) -> (artifact id: 'd49cb4433672c8439aec4784ca189ce4') in 0.01168625 seconds
Number of updated asset objects reloaded before import = 0Number of asset objects unloaded after import = 8

========================================================================
Received Import Request.
  Time since last request: 0.000061 seconds.
  path: Assets/Models/Deciduous2.prefab
  artifactKey: Guid(8b2d47fdc2e25ac4f9721480a68bbefa) Importer(815301076,1909f56bfc062723c751e8b465ee728b)
Start importing Assets/Models/Deciduous2.prefab using Guid(8b2d47fdc2e25ac4f9721480a68bbefa) Importer(815301076,1909f56bfc062723c751e8b465ee728b) (PreviewImporter) -> (artifact id: 'ae94f455d1e342f0f4ff4c5bb484f977') in 0.496161542 seconds
Number of updated asset objects reloaded before import = 0Number of asset objects unloaded after import = 28

========================================================================
Received Import Request.
  Time since last request: 0.000084 seconds.
  path: Assets/Models/Conifer Tall BOTD.prefab
  artifactKey: Guid(f41642586885949968180791f012ee81) Importer(815301076,1909f56bfc062723c751e8b465ee728b)
Start importing Assets/Models/Conifer Tall BOTD.prefab using Guid(f41642586885949968180791f012ee81) Importer(815301076,1909f56bfc062723c751e8b465ee728b) (PreviewImporter) -> (artifact id: 'f1915e6b9602b49b4365b10e256367f1') in 1.497786792 seconds
Number of updated asset objects reloaded before import = 0Number of asset objects unloaded after import = 35

========================================================================
Received Import Request.
  Time since last request: 0.000059 seconds.
  path: Assets/Models/Supercyan Character Pack Free Sample/Animations/common_people@walk.FBX
  artifactKey: Guid(77d7842e2139f594bb31c3c63d1ad4b4) Importer(815301076,1909f56bfc062723c751e8b465ee728b)
Start importing Assets/Models/Supercyan Character Pack Free Sample/Animations/common_people@walk.FBX using Guid(77d7842e2139f594bb31c3c63d1ad4b4) Importer(815301076,1909f56bfc062723c751e8b465ee728b) (PreviewImporter) -> (artifact id: '2d075e205bcc7906c971e1112977e0ef') in 0.021156 seconds
Number of updated asset objects reloaded before import = 0Number of asset objects unloaded after import = 65

========================================================================
Received Import Request.
  Time since last request: 0.000062 seconds.
  path: Assets/Models/Deciduous4.prefab
  artifactKey: Guid(9b8fc966f95ea9c4194dc091fc40b478) Importer(815301076,1909f56bfc062723c751e8b465ee728b)
Start importing Assets/Models/Deciduous4.prefab using Guid(9b8fc966f95ea9c4194dc091fc40b478) Importer(815301076,1909f56bfc062723c751e8b465ee728b) (PreviewImporter) -> (artifact id: '220567090157d98b5571bcea25752816') in 0.019894375 seconds
Number of updated asset objects reloaded before import = 0Number of asset objects unloaded after import = 28

========================================================================
Received Import Request.
  Time since last request: 0.000027 seconds.
  path: Assets/Models/PalmTreeTrioOneSided.prefab
  artifactKey: Guid(2ed7cc7e3c944414d8f3fabb4d533018) Importer(815301076,1909f56bfc062723c751e8b465ee728b)
Start importing Assets/Models/PalmTreeTrioOneSided.prefab using Guid(2ed7cc7e3c944414d8f3fabb4d533018) Importer(815301076,1909f56bfc062723c751e8b465ee728b) (PreviewImporter) -> (artifact id: '4004b707f721a9658be26e4c14656cae') in 0.007179459 seconds
Number of updated asset objects reloaded before import = 0Number of asset objects unloaded after import = 19

========================================================================
Received Import Request.
  Time since last request: 0.000177 seconds.
  path: Assets/Models/Ramp.prefab
  artifactKey: Guid(dfa8205525765d640ad411af2477699a) Importer(815301076,1909f56bfc062723c751e8b465ee728b)
Start importing Assets/Models/Ramp.prefab using Guid(dfa8205525765d640ad411af2477699a) Importer(815301076,1909f56bfc062723c751e8b465ee728b) (PreviewImporter) -> (artifact id: '8bf0f31e13cbea4c65b7f582e3e29493') in 0.332906791 seconds
Number of updated asset objects reloaded before import = 0Number of asset objects unloaded after import = 14

========================================================================
Received Import Request.
  Time since last request: 0.000027 seconds.
  path: Assets/Models/Supercyan Character Pack Free Sample/Animations/common_people@mpose.FBX
  artifactKey: Guid(45d480461bbdc704587e117329ce8e69) Importer(815301076,1909f56bfc062723c751e8b465ee728b)
Start importing Assets/Models/Supercyan Character Pack Free Sample/Animations/common_people@mpose.FBX using Guid(45d480461bbdc704587e117329ce8e69) Importer(815301076,1909f56bfc062723c751e8b465ee728b) (PreviewImporter) -> (artifact id: '6601529fc1aa05a13401a950ef82e0cb') in 0.013207333 seconds
Number of updated asset objects reloaded before import = 0Number of asset objects unloaded after import = 66

========================================================================
Received Import Request.
  Time since last request: 0.000028 seconds.
  path: Assets/Models/RocksScatter.prefab
  artifactKey: Guid(7dd8b689dff4b7b40b4657a66c3bcbb1) Importer(815301076,1909f56bfc062723c751e8b465ee728b)
Start importing Assets/Models/RocksScatter.prefab using Guid(7dd8b689dff4b7b40b4657a66c3bcbb1) Importer(815301076,1909f56bfc062723c751e8b465ee728b) (PreviewImporter) -> (artifact id: '4782a04567e8fa7614145894a2c59343') in 0.005011083 seconds
Number of updated asset objects reloaded before import = 0Number of asset objects unloaded after import = 10

========================================================================
Received Import Request.
  Time since last request: 0.000141 seconds.
  path: Assets/Models/CarParts/FamilyCarChassis.fbx
  artifactKey: Guid(f4eb283b24578414285b7b5691a8c643) Importer(815301076,1909f56bfc062723c751e8b465ee728b)
Start importing Assets/Models/CarParts/FamilyCarChassis.fbx using Guid(f4eb283b24578414285b7b5691a8c643) Importer(815301076,1909f56bfc062723c751e8b465ee728b) (PreviewImporter) -> (artifact id: '208edde556b42c3f779adb95f32dee01') in 0.010029625 seconds
Number of updated asset objects reloaded before import = 0Number of asset objects unloaded after import = 13

========================================================================
Received Import Request.
  Time since last request: 0.000046 seconds.
  path: Assets/Models/CarParts/FamilyCarTyre.fbx
  artifactKey: Guid(97f87d11d3a694e49a88aa3aaea4e0b6) Importer(815301076,1909f56bfc062723c751e8b465ee728b)
Start importing Assets/Models/CarParts/FamilyCarTyre.fbx using Guid(97f87d11d3a694e49a88aa3aaea4e0b6) Importer(815301076,1909f56bfc062723c751e8b465ee728b) (PreviewImporter) -> (artifact id: 'e891c6a7f8b46ca2d67b59b45d875355') in 0.00867675 seconds
Number of updated asset objects reloaded before import = 0Number of asset objects unloaded after import = 9

========================================================================
Received Import Request.
  Time since last request: 0.000078 seconds.
  path: Assets/Models/PalmTreeParts/Meshes/PalmTreeSingleStraight.FBX
  artifactKey: Guid(ef5cd9cdbb80e6849a5f7dd239d56605) Importer(815301076,1909f56bfc062723c751e8b465ee728b)
Start importing Assets/Models/PalmTreeParts/Meshes/PalmTreeSingleStraight.FBX using Guid(ef5cd9cdbb80e6849a5f7dd239d56605) Importer(815301076,1909f56bfc062723c751e8b465ee728b) (PreviewImporter) -> (artifact id: '769c6feb074537689ab1404db77adf92') in 0.017817209 seconds
Number of updated asset objects reloaded before import = 0Number of asset objects unloaded after import = 19

========================================================================
Received Import Request.
  Time since last request: 0.000028 seconds.
  path: Assets/Models/PalmTreeParts/Meshes/PalmTreeTrio.FBX
  artifactKey: Guid(f9899d40134ed2642b1712b4bcede2de) Importer(815301076,1909f56bfc062723c751e8b465ee728b)
Start importing Assets/Models/PalmTreeParts/Meshes/PalmTreeTrio.FBX using Guid(f9899d40134ed2642b1712b4bcede2de) Importer(815301076,1909f56bfc062723c751e8b465ee728b) (PreviewImporter) -> (artifact id: '291f1d05ee88f06225a64fb6e4496bb8') in 0.018300916 seconds
Number of updated asset objects reloaded before import = 0Number of asset objects unloaded after import = 19

========================================================================
Received Import Request.
  Time since last request: 0.000051 seconds.
  path: Assets/Models/WaterBasicNightime.prefab
  artifactKey: Guid(6b436d069d11415d1100ab9b44295342) Importer(815301076,1909f56bfc062723c751e8b465ee728b)
Start importing Assets/Models/WaterBasicNightime.prefab using Guid(6b436d069d11415d1100ab9b44295342) Importer(815301076,1909f56bfc062723c751e8b465ee728b) (PreviewImporter) -> (artifact id: 'aab85e676379b447e020a6eac4a9aaab') in 0.014539292 seconds
Number of updated asset objects reloaded before import = 0Number of asset objects unloaded after import = 11

========================================================================
Received Import Request.
  Time since last request: 0.000034 seconds.
  path: Assets/Models/CarParts/SportsCarTyre.fbx
  artifactKey: Guid(01c23e3b42e6f4f44b3311dc6f472cfb) Importer(815301076,1909f56bfc062723c751e8b465ee728b)
Start importing Assets/Models/CarParts/SportsCarTyre.fbx using Guid(01c23e3b42e6f4f44b3311dc6f472cfb) Importer(815301076,1909f56bfc062723c751e8b465ee728b) (PreviewImporter) -> (artifact id: '0c537937576086c8adf4ee0e70e097f4') in 0.006939667 seconds
Number of updated asset objects reloaded before import = 0Number of asset objects unloaded after import = 11

========================================================================
Received Import Request.
  Time since last request: 0.000041 seconds.
  path: Assets/Models/CarParts/SportsCarChassis.fbx
  artifactKey: Guid(e18a086252957a04d968114e3af8cc6d) Importer(815301076,1909f56bfc062723c751e8b465ee728b)
Start importing Assets/Models/CarParts/SportsCarChassis.fbx using Guid(e18a086252957a04d968114e3af8cc6d) Importer(815301076,1909f56bfc062723c751e8b465ee728b) (PreviewImporter) -> (artifact id: 'ba426d5580bdd219452a9d47054d1bb4') in 0.009297916 seconds
Number of updated asset objects reloaded before import = 0Number of asset objects unloaded after import = 14

========================================================================
Received Import Request.
  Time since last request: 0.000063 seconds.
  path: Assets/Models/CarParts/FamilyCarCollision.fbx
  artifactKey: Guid(b37bce4519fa07648a6b9e5e034017ec) Importer(815301076,1909f56bfc062723c751e8b465ee728b)
Start importing Assets/Models/CarParts/FamilyCarCollision.fbx using Guid(b37bce4519fa07648a6b9e5e034017ec) Importer(815301076,1909f56bfc062723c751e8b465ee728b) (PreviewImporter) -> (artifact id: 'b7492c83c64222e3a636e2189c7334ce') in 0.005457291 seconds
Number of updated asset objects reloaded before import = 0Number of asset objects unloaded after import = 7

========================================================================
Received Import Request.
  Time since last request: 0.000055 seconds.
  path: Assets/Models/PalmTreeDualStraightTwoSided.prefab
  artifactKey: Guid(5e617e90ac28ce7488be6a63235b1f32) Importer(815301076,1909f56bfc062723c751e8b465ee728b)
Start importing Assets/Models/PalmTreeDualStraightTwoSided.prefab using Guid(5e617e90ac28ce7488be6a63235b1f32) Importer(815301076,1909f56bfc062723c751e8b465ee728b) (PreviewImporter) -> (artifact id: '856afc31afb3a97a023c0b8311c59789') in 0.007588542 seconds
Number of updated asset objects reloaded before import = 0Number of asset objects unloaded after import = 19

========================================================================
Received Import Request.
  Time since last request: 0.000035 seconds.
  path: Assets/Prefabs/PositionCamera.prefab
  artifactKey: Guid(dbcc3cb3cd383df47ab489c38f4c483e) Importer(815301076,1909f56bfc062723c751e8b465ee728b)
Start importing Assets/Prefabs/PositionCamera.prefab using Guid(dbcc3cb3cd383df47ab489c38f4c483e) Importer(815301076,1909f56bfc062723c751e8b465ee728b) (PreviewImporter) -> (artifact id: '293698b4a3dc5e8c20a1050400bf2821') in 0.003253625 seconds
Number of updated asset objects reloaded before import = 0Number of asset objects unloaded after import = 9

========================================================================
Received Import Request.
  Time since last request: 0.000119 seconds.
  path: Assets/Prefabs/Checkpoint.prefab
  artifactKey: Guid(60459ed98d9d80444a2951827b6fa4ac) Importer(815301076,1909f56bfc062723c751e8b465ee728b)
Start importing Assets/Prefabs/Checkpoint.prefab using Guid(60459ed98d9d80444a2951827b6fa4ac) Importer(815301076,1909f56bfc062723c751e8b465ee728b) (PreviewImporter) -> (artifact id: 'd2ffb8985e7f711f7827ba783f90f339') in 0.003378667 seconds
Number of updated asset objects reloaded before import = 0Number of asset objects unloaded after import = 9

========================================================================
Received Import Request.
  Time since last request: 0.000070 seconds.
  path: Assets/Models/Supercyan Character Pack Free Sample/Animations/common_people@jump-float.FBX
  artifactKey: Guid(a61a057436c775f449fcb20e89101739) Importer(815301076,1909f56bfc062723c751e8b465ee728b)
Start importing Assets/Models/Supercyan Character Pack Free Sample/Animations/common_people@jump-float.FBX using Guid(a61a057436c775f449fcb20e89101739) Importer(815301076,1909f56bfc062723c751e8b465ee728b) (PreviewImporter) -> (artifact id: 'e555c1346a559a58df45b44fb11add54') in 0.011174334 seconds
Number of updated asset objects reloaded before import = 0Number of asset objects unloaded after import = 65

========================================================================
Received Import Request.
  Time since last request: 0.000064 seconds.
  path: Assets/Models/FamilyCarTyre.prefab
  artifactKey: Guid(2d269fe0b3459fd4b82b35627ebdb76b) Importer(815301076,1909f56bfc062723c751e8b465ee728b)
Start importing Assets/Models/FamilyCarTyre.prefab using Guid(2d269fe0b3459fd4b82b35627ebdb76b) Importer(815301076,1909f56bfc062723c751e8b465ee728b) (PreviewImporter) -> (artifact id: '4e2b5ac6138d6289c2869dfe96ca7eda') in 0.002997084 seconds
Number of updated asset objects reloaded before import = 0Number of asset objects unloaded after import = 9

========================================================================
Received Import Request.
  Time since last request: 0.000093 seconds.
  path: Assets/Prefabs/Player.prefab
  artifactKey: Guid(313ad0ef31f75b84f9f31c0528802fdd) Importer(815301076,1909f56bfc062723c751e8b465ee728b)
Start importing Assets/Prefabs/Player.prefab using Guid(313ad0ef31f75b84f9f31c0528802fdd) Importer(815301076,1909f56bfc062723c751e8b465ee728b) (PreviewImporter) -> (artifact id: '892ecc279918beccdad42134eec8bc58') in 0.18544525 seconds
Number of updated asset objects reloaded before import = 0Number of asset objects unloaded after import = 124

========================================================================
Received Import Request.
  Time since last request: 0.000027 seconds.
  path: Assets/Models/Conifer Bare BOTD.prefab
  artifactKey: Guid(539fa9bc6500e44708e0f7b2c78cbefe) Importer(815301076,1909f56bfc062723c751e8b465ee728b)
Start importing Assets/Models/Conifer Bare BOTD.prefab using Guid(539fa9bc6500e44708e0f7b2c78cbefe) Importer(815301076,1909f56bfc062723c751e8b465ee728b) (PreviewImporter) -> (artifact id: 'f6031e251c7c3b5c645ee804f69227e6') in 0.115511042 seconds
Number of updated asset objects reloaded before import = 0Number of asset objects unloaded after import = 35

